#-----------------------------------------------------------
# Vivado v2017.2.1 (64-bit)
# SW Build 1957588 on Wed Aug  9 16:32:24 MDT 2017
# IP Build 1948039 on Wed Aug  9 18:19:28 MDT 2017
# Start of session at: Tue Jan 23 12:45:24 2018
# Process ID: 7700
# Current directory: H:/ELC3338/Team8/CompOrg_Spring2018_S1_Team8/ARM_Lab8
# Command line: vivado.exe -gui_launcher_event rodinguilauncherevent8620 H:\ELC3338\Team8\CompOrg_Spring2018_S1_Team8\ARM_Lab8\ARM_Lab8.xpr
# Log file: H:/ELC3338/Team8/CompOrg_Spring2018_S1_Team8/ARM_Lab8/vivado.log
# Journal file: H:/ELC3338/Team8/CompOrg_Spring2018_S1_Team8/ARM_Lab8\vivado.jou
#-----------------------------------------------------------
start_gui
open_project H:/ELC3338/Team8/CompOrg_Spring2018_S1_Team8/ARM_Lab8/ARM_Lab8.xpr
Scanning sources...
Finished scanning sources
INFO: [IP_Flow 19-234] Refreshing IP repositories
INFO: [IP_Flow 19-1704] No user IP repositories specified
INFO: [IP_Flow 19-2313] Loaded Vivado IP repository 'C:/Xilinx/Vivado/2017.2/data/ip'.
open_project: Time (s): cpu = 00:00:08 ; elapsed = 00:00:13 . Memory (MB): peak = 740.207 ; gain = 82.055
update_compile_order -fileset sources_1
exit
INFO: [Common 17-206] Exiting Vivado at Tue Jan 23 13:42:14 2018...
