This is pdfTeX, Version 3.14159265-2.6-1.40.15 (MiKTeX 2.9 64-bit) (preloaded format=pdflatex 2018.2.5)  5 FEB 2018 14:24
entering extended mode
**Lab_4.tex
(Lab_4.tex
LaTeX2e <2014/05/01>
Babel <3.9l> and hyphenation patterns for 68 languages loaded.
("C:\Program Files\MiKTeX 2.9\tex\latex\base\article.cls"
Document Class: article 2014/09/29 v1.4h Standard LaTeX document class
("C:\Program Files\MiKTeX 2.9\tex\latex\base\size10.clo"
File: size10.clo 2014/09/29 v1.4h Standard LaTeX file (size option)
)
\c@part=\count79
\c@section=\count80
\c@subsection=\count81
\c@subsubsection=\count82
\c@paragraph=\count83
\c@subparagraph=\count84
\c@figure=\count85
\c@table=\count86
\abovecaptionskip=\skip41
\belowcaptionskip=\skip42
\bibindent=\dimen102
)
("C:\Program Files\MiKTeX 2.9\tex\latex\graphics\graphicx.sty"
Package: graphicx 2014/10/28 v1.0g Enhanced LaTeX Graphics (DPC,SPQR)

("C:\Program Files\MiKTeX 2.9\tex\latex\graphics\keyval.sty"
Package: keyval 2014/10/28 v1.15 key=value parser (DPC)
\KV@toks@=\toks14
)
("C:\Program Files\MiKTeX 2.9\tex\latex\graphics\graphics.sty"
Package: graphics 2014/10/28 v1.0p Standard LaTeX Graphics (DPC,SPQR)

("C:\Program Files\MiKTeX 2.9\tex\latex\graphics\trig.sty"
Package: trig 1999/03/16 v1.09 sin cos tan (DPC)
)
("C:\Program Files\MiKTeX 2.9\tex\latex\00miktex\graphics.cfg"
File: graphics.cfg 2007/01/18 v1.5 graphics configuration of teTeX/TeXLive
)
Package graphics Info: Driver file: pdftex.def on input line 91.

("C:\Program Files\MiKTeX 2.9\tex\latex\pdftex-def\pdftex.def"
File: pdftex.def 2011/05/27 v0.06d Graphics/color for pdfTeX

("C:\Program Files\MiKTeX 2.9\tex\generic\oberdiek\infwarerr.sty"
Package: infwarerr 2010/04/08 v1.3 Providing info/warning/error messages (HO)
)
("C:\Program Files\MiKTeX 2.9\tex\generic\oberdiek\ltxcmds.sty"
Package: ltxcmds 2011/11/09 v1.22 LaTeX kernel commands for general use (HO)
)
\Gread@gobject=\count87
))
\Gin@req@height=\dimen103
\Gin@req@width=\dimen104
)
("C:\Program Files\MiKTeX 2.9\tex\latex\listings\listings.sty"
\lst@mode=\count88
\lst@gtempboxa=\box26
\lst@token=\toks15
\lst@length=\count89
\lst@currlwidth=\dimen105
\lst@column=\count90
\lst@pos=\count91
\lst@lostspace=\dimen106
\lst@width=\dimen107
\lst@newlines=\count92
\lst@lineno=\count93
\lst@maxwidth=\dimen108

("C:\Program Files\MiKTeX 2.9\tex\latex\listings\lstmisc.sty"
File: lstmisc.sty 2014/09/06 1.5e (Carsten Heinz)
\c@lstnumber=\count94
\lst@skipnumbers=\count95
\lst@framebox=\box27
)
("C:\Program Files\MiKTeX 2.9\tex\latex\listings\listings.cfg"
File: listings.cfg 2014/09/06 1.5e listings configuration
))
Package: listings 2014/09/06 1.5e (Carsten Heinz)

("C:\Program Files\MiKTeX 2.9\tex\latex\graphics\color.sty"
Package: color 2014/10/28 v1.1a Standard LaTeX Color (DPC)

("C:\Program Files\MiKTeX 2.9\tex\latex\00miktex\color.cfg"
File: color.cfg 2007/01/18 v1.5 color configuration of teTeX/TeXLive
)
Package color Info: Driver file: pdftex.def on input line 137.
)
Package color Info: Redefining color blue on input line 8.
 (Lab_4.aux

LaTeX Warning: Label `code:adder' multiply defined.


LaTeX Warning: Label `code:mux' multiply defined.


LaTeX Warning: Label `fig:fetchtest' multiply defined.


LaTeX Warning: Label `fig:fetchtest' multiply defined.


LaTeX Warning: Label `fig:fetchtest' multiply defined.

)
LaTeX Font Info:    Checking defaults for OML/cmm/m/it on input line 24.
LaTeX Font Info:    ... okay on input line 24.
LaTeX Font Info:    Checking defaults for T1/cmr/m/n on input line 24.
LaTeX Font Info:    ... okay on input line 24.
LaTeX Font Info:    Checking defaults for OT1/cmr/m/n on input line 24.
LaTeX Font Info:    ... okay on input line 24.
LaTeX Font Info:    Checking defaults for OMS/cmsy/m/n on input line 24.
LaTeX Font Info:    ... okay on input line 24.
LaTeX Font Info:    Checking defaults for OMX/cmex/m/n on input line 24.
LaTeX Font Info:    ... okay on input line 24.
LaTeX Font Info:    Checking defaults for U/cmr/m/n on input line 24.
LaTeX Font Info:    ... okay on input line 24.
 ("C:\Program Files\MiKTeX 2.9\tex\context\base\supp-pdf.mkii"
[Loading MPS to PDF converter (version 2006.09.02).]
\scratchcounter=\count96
\scratchdimen=\dimen109
\scratchbox=\box28
\nofMPsegments=\count97
\nofMParguments=\count98
\everyMPshowfont=\toks16
\MPscratchCnt=\count99
\MPscratchDim=\dimen110
\MPnumerator=\count100
\makeMPintoPDFobject=\count101
\everyMPtoPDFconversion=\toks17
)
\c@lstlisting=\count102
LaTeX Font Info:    External font `cmex10' loaded for size
(Font)              <12> on input line 25.
LaTeX Font Info:    External font `cmex10' loaded for size
(Font)              <8> on input line 25.
LaTeX Font Info:    External font `cmex10' loaded for size
(Font)              <6> on input line 25.
 ("C:\Program Files\MiKTeX 2.9\tex\latex\listings\lstlang1.sty"
File: lstlang1.sty 2014/09/06 1.5e listings language file
)
("C:\Program Files\MiKTeX 2.9\tex\latex\listings\lstlang2.sty"
File: lstlang2.sty 2014/09/06 1.5e listings language file
)
("C:\Program Files\MiKTeX 2.9\tex\latex\listings\lstlang3.sty"
File: lstlang3.sty 2014/09/06 1.5e listings language file
)
(../code/decode/instr_parse.v
LaTeX Font Info:    External font `cmex10' loaded for size
(Font)              <7> on input line 5.
LaTeX Font Info:    External font `cmex10' loaded for size
(Font)              <5> on input line 5.
LaTeX Font Info:    Try loading font information for OML+cmr on input line 15.

("C:\Program Files\MiKTeX 2.9\tex\latex\base\omlcmr.fd"
File: omlcmr.fd 2014/09/29 v2.5h Standard LaTeX font definitions
)
LaTeX Font Info:    Font shape `OML/cmr/m/n' in size <10> not available
(Font)              Font shape `OML/cmm/m/it' tried instead on input line 15.
 [1

{C:/ProgramData/MiKTeX/2.9/pdftex/config/pdftex.map}]) (../code/decode/regfile.
v) [2]
(../code/decode/instr_parse_test.v
LaTeX Font Info:    Try loading font information for OMS+cmr on input line 29.

("C:\Program Files\MiKTeX 2.9\tex\latex\base\omscmr.fd"
File: omscmr.fd 2014/09/29 v2.5h Standard LaTeX font definitions
)
LaTeX Font Info:    Font shape `OMS/cmr/m/n' in size <10> not available
(Font)              Font shape `OMS/cmsy/m/n' tried instead on input line 29.
)
(../code/decode/regfile_test.v [3] [4])
<H:/ELC3338/Team8/CompOrg_Spring2018_S1_Team8/images/instr_parse_sim.png, id=22
, 743.02594pt x 168.63pt>
File: H:/ELC3338/Team8/CompOrg_Spring2018_S1_Team8/images/instr_parse_sim.png G
raphic file (type png)

<use H:/ELC3338/Team8/CompOrg_Spring2018_S1_Team8/images/instr_parse_sim.png>
Package pdftex.def Info: H:/ELC3338/Team8/CompOrg_Spring2018_S1_Team8/images/in
str_parse_sim.png used on input line 48.
(pdftex.def)             Requested size: 345.0pt x 78.29892pt.

<H:/ELC3338/Team8/CompOrg_Spring2018_S1_Team8/images/regfile_sim.png, id=24, 74
2.27313pt x 194.97844pt>
File: H:/ELC3338/Team8/CompOrg_Spring2018_S1_Team8/images/regfile_sim.png Graph
ic file (type png)

<use H:/ELC3338/Team8/CompOrg_Spring2018_S1_Team8/images/regfile_sim.png>
Package pdftex.def Info: H:/ELC3338/Team8/CompOrg_Spring2018_S1_Team8/images/re
gfile_sim.png used on input line 54.
(pdftex.def)             Requested size: 345.0pt x 90.62535pt.

<H:/ELC3338/Team8/CompOrg_Spring2018_S1_Team8/images/Modified_data.png, id=25, 
425.33907pt x 386.94562pt>
File: H:/ELC3338/Team8/CompOrg_Spring2018_S1_Team8/images/Modified_data.png Gra
phic file (type png)

<use H:/ELC3338/Team8/CompOrg_Spring2018_S1_Team8/images/Modified_data.png>
Package pdftex.def Info: H:/ELC3338/Team8/CompOrg_Spring2018_S1_Team8/images/Mo
dified_data.png used on input line 62.
(pdftex.def)             Requested size: 345.0pt x 313.87296pt.


LaTeX Warning: `h' float specifier changed to `ht'.

File: H:/ELC3338/Team8/CompOrg_Spring2018_S1_Team8/images/instr_parse_sim.png G
raphic file (type png)
<use H:/ELC3338/Team8/CompOrg_Spring2018_S1_Team8/images/instr_parse_sim.png>
Package pdftex.def Info: H:/ELC3338/Team8/CompOrg_Spring2018_S1_Team8/images/in
str_parse_sim.png used on input line 70.
(pdftex.def)             Requested size: 345.0pt x 78.29892pt.


LaTeX Warning: `h' float specifier changed to `ht'.

File: H:/ELC3338/Team8/CompOrg_Spring2018_S1_Team8/images/regfile_sim.png Graph
ic file (type png)
<use H:/ELC3338/Team8/CompOrg_Spring2018_S1_Team8/images/regfile_sim.png>
Package pdftex.def Info: H:/ELC3338/Team8/CompOrg_Spring2018_S1_Team8/images/re
gfile_sim.png used on input line 76.
(pdftex.def)             Requested size: 345.0pt x 90.62535pt.


LaTeX Warning: `h' float specifier changed to `ht'.

File: H:/ELC3338/Team8/CompOrg_Spring2018_S1_Team8/images/Modified_data.png Gra
phic file (type png)
<use H:/ELC3338/Team8/CompOrg_Spring2018_S1_Team8/images/Modified_data.png>
Package pdftex.def Info: H:/ELC3338/Team8/CompOrg_Spring2018_S1_Team8/images/Mo
dified_data.png used on input line 84.
(pdftex.def)             Requested size: 345.0pt x 313.87296pt.


LaTeX Warning: `h' float specifier changed to `ht'.

[5 <H:/ELC3338/Team8/CompOrg_Spring2018_S1_Team8/images/instr_parse_sim.png> <H
:/ELC3338/Team8/CompOrg_Spring2018_S1_Team8/images/regfile_sim.png>] [6 <H:/ELC
3338/Team8/CompOrg_Spring2018_S1_Team8/images/Modified_data.png>] [7]
(Lab_4.aux)

LaTeX Warning: There were multiply-defined labels.

 ) 
Here is how much of TeX's memory you used:
 2786 strings out of 493698
 39793 string characters out of 3144413
 131884 words of memory out of 3000000
 6103 multiletter control sequences out of 15000+200000
 7934 words of font info for 28 fonts, out of 3000000 for 9000
 1025 hyphenation exceptions out of 8191
 32i,6n,44p,287b,1637s stack positions out of 5000i,500n,10000p,200000b,50000s
<C:/Program Files/MiKTeX 2.9/fonts/type1/public/amsfonts/cm/cmbx10.pfb><C:/Pr
ogram Files/MiKTeX 2.9/fonts/type1/public/amsfonts/cm/cmbx12.pfb><C:/Program Fi
les/MiKTeX 2.9/fonts/type1/public/amsfonts/cm/cmmi10.pfb><C:/Program Files/MiKT
eX 2.9/fonts/type1/public/amsfonts/cm/cmr10.pfb><C:/Program Files/MiKTeX 2.9/fo
nts/type1/public/amsfonts/cm/cmr12.pfb><C:/Program Files/MiKTeX 2.9/fonts/type1
/public/amsfonts/cm/cmr17.pfb><C:/Program Files/MiKTeX 2.9/fonts/type1/public/a
msfonts/cm/cmsy10.pfb><C:/Program Files/MiKTeX 2.9/fonts/type1/public/amsfonts/
cm/cmti10.pfb>
Output written on Lab_4.pdf (7 pages, 143985 bytes).
PDF statistics:
 65 PDF objects out of 1000 (max. 8388607)
 0 named destinations out of 1000 (max. 500000)
 16 words of extra memory for PDF output out of 10000 (max. 10000000)

